#
# A fatal error has been detected by the Java Runtime Environment:
#
#  EXCEPTION_ACCESS_VIOLATION (0xc0000005) at pc=0x000001ec2c48ab00, pid=10484, tid=10720
#
# JRE version: Java(TM) SE Runtime Environment (19.0+36) (build 19+36-2238)
# Java VM: Java HotSpot(TM) 64-Bit Server VM (19+36-2238, mixed mode, sharing, tiered, compressed oops, compressed class ptrs, g1 gc, windows-amd64)
# Problematic frame:
# C  0x000001ec2c48ab00
#
# No core dump will be written. Minidumps are not enabled by default on client versions of Windows
#
# If you would like to submit a bug report, please visit:
#   https://bugreport.java.com/bugreport/crash.jsp
#

---------------  S U M M A R Y ------------

Command Line: -Xmx64m -Xms64m -Dorg.gradle.appname=gradlew org.gradle.wrapper.GradleWrapperMain app:installDebug -PreactNativeDevServerPort=8081

Host: Intel(R) Core(TM)2 Duo CPU     E7400  @ 2.80GHz, 2 cores, 3G,  Windows 10 , 64 bit Build 19041 (10.0.19041.1889)
Time: Sat Oct  1 13:03:04 2022 Sri Lanka Standard Time elapsed time: 249.877900 seconds (0d 0h 4m 9s)

---------------  T H R E A D  ---------------

Current thread (0x000001ec93fdeb40):  JavaThread "main" [_thread_in_Java, id=10720, stack(0x00000054bb800000,0x00000054bb900000)]

Stack: [0x00000054bb800000,0x00000054bb900000],  sp=0x00000054bb8fe8f8,  free space=1018k
Native frames: (J=compiled Java code, j=interpreted, Vv=VM code, C=native code)
C  0x000001ec2c48ab00


siginfo: EXCEPTION_ACCESS_VIOLATION (0xc0000005), data execution prevention violation at address 0x000001ec2c48ab00


Registers:
RAX=0x0000000000000036, RBX=0x00000000001167cc, RCX=0x0000000000116768, RDX=0x00000000fe8a0230
RSP=0x00000054bb8fe8f8, RBP=0x00000054bb8fea90, RSI=0x00000000fc300000, RDI=0x0000000000116796
R8 =0x0000000000116768, R9 =0x0000000000006306, R10=0x00000000ffffffff, R11=0x00000000fe8a0230
R12=0x0000000000000000, R13=0x0000000000001fff, R14=0x00000054bb8feb10, R15=0x000001ec93fdeb40
RIP=0x000001ec2c48ab00, EFLAGS=0x0000000000010206


Register to memory mapping:

RIP=0x000001ec2c48ab00 is an unknown value
RAX=0x0000000000000036 is an unknown value
RBX=0x00000000001167cc is an unknown value
RCX=0x0000000000116768 is an unknown value
RDX=0x00000000fe8a0230 is an oop: java.util.zip.ZipFile$Source 
{0x00000000fe8a0230} - klass: 'java/util/zip/ZipFile$Source'
 - ---- fields (total size 10 words):
 - private 'refs' 'I' @12  1
 - private 'locpos' 'J' @16  0 (0 0)
 - private 'manifestPos' 'I' @24  -1 (ffffffff)
 - private 'manifestNum' 'I' @28  0
 - private 'total' 'I' @32  13167 (336f)
 - private 'tablelen' 'I' @36  6583 (19b7)
 - private final 'startsWithLoc' 'Z' @40  false
 - private final 'key' 'Ljava/util/zip/ZipFile$Source$Key;' @44  a 'java/util/zip/ZipFile$Source$Key'{0x00000000fe89fe88} (fe89fe88)
 - private final synchronized 'zc' 'Ljava/util/zip/ZipCoder;' @48  a 'java/util/zip/ZipCoder$UTF8ZipCoder'{0x00000000fc1e7c70} (fc1e7c70)
 - private 'zfile' 'Ljava/io/RandomAccessFile;' @52  a 'java/io/RandomAccessFile'{0x00000000fe8a0280} (fe8a0280)
 - private 'cen' '[B' @56  [B{0x00000000fc300000} (fc300000)
 - private 'comment' '[B' @60  NULL (0)
 - private 'signatureMetaNames' '[I' @64  NULL (0)
 - private 'metaVersions' '[I' @68  NULL (0)
 - private 'entries' '[I' @72  [I{0x00000000fe700000} (fe700000)
 - private 'table' '[I' @76  [I{0x00000000fe8a0418} (fe8a0418)
RSP=0x00000054bb8fe8f8 is pointing into the stack for thread: 0x000001ec93fdeb40
RBP=0x00000054bb8fea90 is pointing into the stack for thread: 0x000001ec93fdeb40
RSI=0x00000000fc300000 is an oop: [B 
{0x00000000fc300000} - klass: {type array byte}
 - length: 1706376
RDI=0x0000000000116796 is an unknown value
R8 =0x0000000000116768 is an unknown value
R9 =0x0000000000006306 is an unknown value
R10=
[error occurred during error reporting (printing register info), id 0xc0000005, EXCEPTION_ACCESS_VIOLATION (0xc0000005) at pc=0x00007ff99ad92406]

Top of Stack: (sp=0x00000054bb8fe8f8)
0x00000054bb8fe8f8:   000001ec9c1c4b0c 000001eca348b110
0x00000054bb8fe908:   0000000000000000 0000000000000000
0x00000054bb8fe918:   00000054bb8fea90 00000054bb8fea48
0x00000054bb8fe928:   00000054bb8fea48 000001eca3497d19
0x00000054bb8fe938:   000001eca348b110 0000000000000000
0x00000054bb8fe948:   0000000000000000 00000054bb8fea90
0x00000054bb8fe958:   00000054bb8fea48 0000000000020000
0x00000054bb8fe968:   00007ff99ae4b68d 000000080032bc58
0x00000054bb8fe978:   0000000800a52fc9 00000054bb8fea90
0x00000054bb8fe988:   000001ec93fdeb40 00000054bb8fea90
0x00000054bb8fe998:   00000000fc300000 0000003600116796
0x00000054bb8fe9a8:   00000000fe8a0230 0011676800006306
0x00000054bb8fe9b8:   00000008001167cc 00000000fc1e7c70
0x00000054bb8fe9c8:   000001ecadb46118 00000054bb8fea90
0x00000054bb8fe9d8:   000001ec9c1c7a4a ffffffffffffffff
0x00000054bb8fe9e8:   000000080032be10 0000000000001783 

Instructions: (pc=0x000001ec2c48ab00)
0x000001ec2c48aa00:   ?? ?? ?? ?? ?? ?? ?? ?? ?? ?? ?? ?? ?? ?? ?? ??
0x000001ec2c48aa10:   ?? ?? ?? ?? ?? ?? ?? ?? ?? ?? ?? ?? ?? ?? ?? ??
0x000001ec2c48aa20:   ?? ?? ?? ?? ?? ?? ?? ?? ?? ?? ?? ?? ?? ?? ?? ??
0x000001ec2c48aa30:   ?? ?? ?? ?? ?? ?? ?? ?? ?? ?? ?? ?? ?? ?? ?? ??
0x000001ec2c48aa40:   ?? ?? ?? ?? ?? ?? ?? ?? ?? ?? ?? ?? ?? ?? ?? ??
0x000001ec2c48aa50:   ?? ?? ?? ?? ?? ?? ?? ?? ?? ?? ?? ?? ?? ?? ?? ??
0x000001ec2c48aa60:   ?? ?? ?? ?? ?? ?? ?? ?? ?? ?? ?? ?? ?? ?? ?? ??
0x000001ec2c48aa70:   ?? ?? ?? ?? ?? ?? ?? ?? ?? ?? ?? ?? ?? ?? ?? ??
0x000001ec2c48aa80:   ?? ?? ?? ?? ?? ?? ?? ?? ?? ?? ?? ?? ?? ?? ?? ??
0x000001ec2c48aa90:   ?? ?? ?? ?? ?? ?? ?? ?? ?? ?? ?? ?? ?? ?? ?? ??
0x000001ec2c48aaa0:   ?? ?? ?? ?? ?? ?? ?? ?? ?? ?? ?? ?? ?? ?? ?? ??
0x000001ec2c48aab0:   ?? ?? ?? ?? ?? ?? ?? ?? ?? ?? ?? ?? ?? ?? ?? ??
0x000001ec2c48aac0:   ?? ?? ?? ?? ?? ?? ?? ?? ?? ?? ?? ?? ?? ?? ?? ??
0x000001ec2c48aad0:   ?? ?? ?? ?? ?? ?? ?? ?? ?? ?? ?? ?? ?? ?? ?? ??
0x000001ec2c48aae0:   ?? ?? ?? ?? ?? ?? ?? ?? ?? ?? ?? ?? ?? ?? ?? ??
0x000001ec2c48aaf0:   ?? ?? ?? ?? ?? ?? ?? ?? ?? ?? ?? ?? ?? ?? ?? ??
0x000001ec2c48ab00:   ?? ?? ?? ?? ?? ?? ?? ?? ?? ?? ?? ?? ?? ?? ?? ??
0x000001ec2c48ab10:   ?? ?? ?? ?? ?? ?? ?? ?? ?? ?? ?? ?? ?? ?? ?? ??
0x000001ec2c48ab20:   ?? ?? ?? ?? ?? ?? ?? ?? ?? ?? ?? ?? ?? ?? ?? ??
0x000001ec2c48ab30:   ?? ?? ?? ?? ?? ?? ?? ?? ?? ?? ?? ?? ?? ?? ?? ??
0x000001ec2c48ab40:   ?? ?? ?? ?? ?? ?? ?? ?? ?? ?? ?? ?? ?? ?? ?? ??
0x000001ec2c48ab50:   ?? ?? ?? ?? ?? ?? ?? ?? ?? ?? ?? ?? ?? ?? ?? ??
0x000001ec2c48ab60:   ?? ?? ?? ?? ?? ?? ?? ?? ?? ?? ?? ?? ?? ?? ?? ??
0x000001ec2c48ab70:   ?? ?? ?? ?? ?? ?? ?? ?? ?? ?? ?? ?? ?? ?? ?? ??
0x000001ec2c48ab80:   ?? ?? ?? ?? ?? ?? ?? ?? ?? ?? ?? ?? ?? ?? ?? ??
0x000001ec2c48ab90:   ?? ?? ?? ?? ?? ?? ?? ?? ?? ?? ?? ?? ?? ?? ?? ??
0x000001ec2c48aba0:   ?? ?? ?? ?? ?? ?? ?? ?? ?? ?? ?? ?? ?? ?? ?? ??
0x000001ec2c48abb0:   ?? ?? ?? ?? ?? ?? ?? ?? ?? ?? ?? ?? ?? ?? ?? ??
0x000001ec2c48abc0:   ?? ?? ?? ?? ?? ?? ?? ?? ?? ?? ?? ?? ?? ?? ?? ??
0x000001ec2c48abd0:   ?? ?? ?? ?? ?? ?? ?? ?? ?? ?? ?? ?? ?? ?? ?? ??
0x000001ec2c48abe0:   ?? ?? ?? ?? ?? ?? ?? ?? ?? ?? ?? ?? ?? ?? ?? ??
0x000001ec2c48abf0:   ?? ?? ?? ?? ?? ?? ?? ?? ?? ?? ?? ?? ?? ?? ?? ?? 


Stack slot to memory mapping:
stack at sp + 0 slots: 0x000001ec9c1c4b0c is at entry_point+1388 in (nmethod*)0x000001ec9c1c4210
Compiled method (c1)  249940 1433   !   3       java.util.zip.ZipFile$Source::checkAndAddEntry (249 bytes)
 total in heap  [0x000001ec9c1c4210,0x000001ec9c1c69e0] = 10192
 relocation     [0x000001ec9c1c4370,0x000001ec9c1c45a0] = 560
 main code      [0x000001ec9c1c45a0,0x000001ec9c1c5b00] = 5472
 stub code      [0x000001ec9c1c5b00,0x000001ec9c1c5c08] = 264
 oops           [0x000001ec9c1c5c08,0x000001ec9c1c5c38] = 48
 metadata       [0x000001ec9c1c5c38,0x000001ec9c1c5cb8] = 128
 scopes data    [0x000001ec9c1c5cb8,0x000001ec9c1c6308] = 1616
 scopes pcs     [0x000001ec9c1c6308,0x000001ec9c1c67f8] = 1264
 dependencies   [0x000001ec9c1c67f8,0x000001ec9c1c6800] = 8
 handler table  [0x000001ec9c1c6800,0x000001ec9c1c6998] = 408
 nul chk table  [0x000001ec9c1c6998,0x000001ec9c1c69e0] = 72
stack at sp + 1 slots: 0x000001eca348b110 is at code_begin+-112 in 
[CodeBlob (0x000001eca348b110)]
Framesize: 0
BufferBlob (0x000001eca348b110) used for Interpreter
stack at sp + 2 slots: 0x0 is NULL
stack at sp + 3 slots: 0x0 is NULL
stack at sp + 4 slots: 0x00000054bb8fea90 is pointing into the stack for thread: 0x000001ec93fdeb40
stack at sp + 5 slots: 0x00000054bb8fea48 is pointing into the stack for thread: 0x000001ec93fdeb40
stack at sp + 6 slots: 0x00000054bb8fea48 is pointing into the stack for thread: 0x000001ec93fdeb40
stack at sp + 7 slots: 0x000001eca3497d19 is at code_begin+409 in an Interpreter codelet
goto  167 goto  [0x000001eca3497b80, 0x000001eca3497e80]  768 bytes


---------------  P R O C E S S  ---------------

Threads class SMR info:
_java_thread_list=0x000001ecb17c5690, length=13, elements={
0x000001ec93fdeb40, 0x000001ecad144370, 0x000001ecad145300, 0x000001ecad152b30,
0x000001ecad154470, 0x000001ecad155db0, 0x000001ecad1566e0, 0x000001ecad157340,
0x000001ecad1584d0, 0x000001ecad16a7f0, 0x000001ecb1439990, 0x000001ecb14485e0,
0x000001ecb17ce320
}

Java Threads: ( => current thread )
=>0x000001ec93fdeb40 JavaThread "main" [_thread_in_Java, id=10720, stack(0x00000054bb800000,0x00000054bb900000)]
  0x000001ecad144370 JavaThread "Reference Handler" daemon [_thread_blocked, id=5528, stack(0x00000054bbf00000,0x00000054bc000000)]
  0x000001ecad145300 JavaThread "Finalizer" daemon [_thread_blocked, id=4932, stack(0x00000054bc000000,0x00000054bc100000)]
  0x000001ecad152b30 JavaThread "Signal Dispatcher" daemon [_thread_blocked, id=2788, stack(0x00000054bc100000,0x00000054bc200000)]
  0x000001ecad154470 JavaThread "Attach Listener" daemon [_thread_blocked, id=3728, stack(0x00000054bc200000,0x00000054bc300000)]
  0x000001ecad155db0 JavaThread "Service Thread" daemon [_thread_blocked, id=9840, stack(0x00000054bc300000,0x00000054bc400000)]
  0x000001ecad1566e0 JavaThread "Monitor Deflation Thread" daemon [_thread_blocked, id=1100, stack(0x00000054bc400000,0x00000054bc500000)]
  0x000001ecad157340 JavaThread "C2 CompilerThread0" daemon [_thread_blocked, id=6720, stack(0x00000054bc500000,0x00000054bc600000)]
  0x000001ecad1584d0 JavaThread "C1 CompilerThread0" daemon [_thread_blocked, id=11224, stack(0x00000054bc600000,0x00000054bc700000)]
  0x000001ecad16a7f0 JavaThread "Sweeper thread" daemon [_thread_blocked, id=6272, stack(0x00000054bc700000,0x00000054bc800000)]
  0x000001ecb1439990 JavaThread "Notification Thread" daemon [_thread_blocked, id=8312, stack(0x00000054bc800000,0x00000054bc900000)]
  0x000001ecb14485e0 JavaThread "Common-Cleaner" daemon [_thread_blocked, id=10612, stack(0x00000054bca00000,0x00000054bcb00000)]
  0x000001ecb17ce320 JavaThread "Keep-Alive-Timer" daemon [_thread_blocked, id=9440, stack(0x00000054bb600000,0x00000054bb700000)]

Other Threads:
  0x000001ec940ac540 VMThread "VM Thread" [stack: 0x00000054bbe00000,0x00000054bbf00000] [id=4896]
  0x000001ecb1443f10 WatcherThread "VM Periodic Task Thread" [stack: 0x00000054bc900000,0x00000054bca00000] [id=7624]
  0x000001ec94001f10 WorkerThread "GC Thread#0" [stack: 0x00000054bb900000,0x00000054bba00000] [id=7336]
  0x000001ecb1603a10 WorkerThread "GC Thread#1" [stack: 0x00000054bcb00000,0x00000054bcc00000] [id=6828]
  0x000001ec94003670 ConcurrentGCThread "G1 Main Marker" [stack: 0x00000054bba00000,0x00000054bbb00000] [id=632]
  0x000001ec94005250 WorkerThread "G1 Conc#0" [stack: 0x00000054bbb00000,0x00000054bbc00000] [id=4608]
  0x000001ec9404ece0 ConcurrentGCThread "G1 Refine#0" [stack: 0x00000054bbc00000,0x00000054bbd00000] [id=8896]
  0x000001ec9404f820 ConcurrentGCThread "G1 Service" [stack: 0x00000054bbd00000,0x00000054bbe00000] [id=6416]

Threads with active compile tasks:

VM state: not at safepoint (normal execution)

VM Mutex/Monitor currently owned by a thread: None

Heap address: 0x00000000fc000000, size: 64 MB, Compressed Oops mode: 32-bit

CDS archive(s) mapped at: [0x0000000800000000-0x0000000800c40000-0x0000000800c40000), size 12845056, SharedBaseAddress: 0x0000000800000000, ArchiveRelocationMode: 0.
Compressed class space mapped at: 0x0000000801000000-0x0000000841000000, reserved size: 1073741824
Narrow klass base: 0x0000000800000000, Narrow klass shift: 0, Narrow klass range: 0x100000000

GC Precious Log:
 CardTable entry size: 512
 Card Set container configuration: InlinePtr #cards 5 size 8 Array Of Cards #cards 12 size 40 Howl #buckets 4 coarsen threshold 1843 Howl Bitmap #cards 512 size 80 coarsen threshold 460 Card regions per heap region 1 cards per card region 2048
 CPUs: 2 total, 2 available
 Memory: 3839M
 Large Page Support: Disabled
 NUMA Support: Disabled
 Compressed Oops: Enabled (32-bit)
 Heap Region Size: 1M
 Heap Min Capacity: 64M
 Heap Initial Capacity: 64M
 Heap Max Capacity: 64M
 Pre-touch: Disabled
 Parallel Workers: 2
 Concurrent Workers: 1
 Concurrent Refinement Workers: 2
 Periodic GC: Disabled

Heap:
 garbage-first heap   total 65536K, used 27106K [0x00000000fc000000, 0x0000000100000000)
  region size 1024K, 25 young (25600K), 2 survivors (2048K)
 Metaspace       used 8643K, committed 8832K, reserved 1114112K
  class space    used 879K, committed 960K, reserved 1048576K

Heap Regions: E=young(eden), S=young(survivor), O=old, HS=humongous(starts), HC=humongous(continues), CS=collection set, F=free, OA=open archive, CA=closed archive, TAMS=top-at-mark-start (previous, next)
|   0|0x00000000fc000000, 0x00000000fc100000, 0x00000000fc100000|100%| O|  |TAMS 0x00000000fc000000, 0x00000000fc000000| Untracked 
|   1|0x00000000fc100000, 0x00000000fc200000, 0x00000000fc200000|100%| O|  |TAMS 0x00000000fc100000, 0x00000000fc100000| Untracked 
|   2|0x00000000fc200000, 0x00000000fc222800, 0x00000000fc300000| 13%| O|  |TAMS 0x00000000fc200000, 0x00000000fc200000| Untracked 
|   3|0x00000000fc300000, 0x00000000fc400000, 0x00000000fc400000|100%|HS|  |TAMS 0x00000000fc300000, 0x00000000fc300000| Complete 
|   4|0x00000000fc400000, 0x00000000fc500000, 0x00000000fc500000|100%|HC|  |TAMS 0x00000000fc400000, 0x00000000fc400000| Complete 
|   5|0x00000000fc500000, 0x00000000fc500000, 0x00000000fc600000|  0%| F|  |TAMS 0x00000000fc500000, 0x00000000fc500000| Untracked 
|   6|0x00000000fc600000, 0x00000000fc600000, 0x00000000fc700000|  0%| F|  |TAMS 0x00000000fc600000, 0x00000000fc600000| Untracked 
|   7|0x00000000fc700000, 0x00000000fc700000, 0x00000000fc800000|  0%| F|  |TAMS 0x00000000fc700000, 0x00000000fc700000| Untracked 
|   8|0x00000000fc800000, 0x00000000fc800000, 0x00000000fc900000|  0%| F|  |TAMS 0x00000000fc800000, 0x00000000fc800000| Untracked 
|   9|0x00000000fc900000, 0x00000000fc900000, 0x00000000fca00000|  0%| F|  |TAMS 0x00000000fc900000, 0x00000000fc900000| Untracked 
|  10|0x00000000fca00000, 0x00000000fca00000, 0x00000000fcb00000|  0%| F|  |TAMS 0x00000000fca00000, 0x00000000fca00000| Untracked 
|  11|0x00000000fcb00000, 0x00000000fcb00000, 0x00000000fcc00000|  0%| F|  |TAMS 0x00000000fcb00000, 0x00000000fcb00000| Untracked 
|  12|0x00000000fcc00000, 0x00000000fcc00000, 0x00000000fcd00000|  0%| F|  |TAMS 0x00000000fcc00000, 0x00000000fcc00000| Untracked 
|  13|0x00000000fcd00000, 0x00000000fcd00000, 0x00000000fce00000|  0%| F|  |TAMS 0x00000000fcd00000, 0x00000000fcd00000| Untracked 
|  14|0x00000000fce00000, 0x00000000fce00000, 0x00000000fcf00000|  0%| F|  |TAMS 0x00000000fce00000, 0x00000000fce00000| Untracked 
|  15|0x00000000fcf00000, 0x00000000fcf00000, 0x00000000fd000000|  0%| F|  |TAMS 0x00000000fcf00000, 0x00000000fcf00000| Untracked 
|  16|0x00000000fd000000, 0x00000000fd000000, 0x00000000fd100000|  0%| F|  |TAMS 0x00000000fd000000, 0x00000000fd000000| Untracked 
|  17|0x00000000fd100000, 0x00000000fd100000, 0x00000000fd200000|  0%| F|  |TAMS 0x00000000fd100000, 0x00000000fd100000| Untracked 
|  18|0x00000000fd200000, 0x00000000fd200000, 0x00000000fd300000|  0%| F|  |TAMS 0x00000000fd200000, 0x00000000fd200000| Untracked 
|  19|0x00000000fd300000, 0x00000000fd300000, 0x00000000fd400000|  0%| F|  |TAMS 0x00000000fd300000, 0x00000000fd300000| Untracked 
|  20|0x00000000fd400000, 0x00000000fd400000, 0x00000000fd500000|  0%| F|  |TAMS 0x00000000fd400000, 0x00000000fd400000| Untracked 
|  21|0x00000000fd500000, 0x00000000fd500000, 0x00000000fd600000|  0%| F|  |TAMS 0x00000000fd500000, 0x00000000fd500000| Untracked 
|  22|0x00000000fd600000, 0x00000000fd600000, 0x00000000fd700000|  0%| F|  |TAMS 0x00000000fd600000, 0x00000000fd600000| Untracked 
|  23|0x00000000fd700000, 0x00000000fd700000, 0x00000000fd800000|  0%| F|  |TAMS 0x00000000fd700000, 0x00000000fd700000| Untracked 
|  24|0x00000000fd800000, 0x00000000fd800000, 0x00000000fd900000|  0%| F|  |TAMS 0x00000000fd800000, 0x00000000fd800000| Untracked 
|  25|0x00000000fd900000, 0x00000000fd900000, 0x00000000fda00000|  0%| F|  |TAMS 0x00000000fd900000, 0x00000000fd900000| Untracked 
|  26|0x00000000fda00000, 0x00000000fda00000, 0x00000000fdb00000|  0%| F|  |TAMS 0x00000000fda00000, 0x00000000fda00000| Untracked 
|  27|0x00000000fdb00000, 0x00000000fdb00000, 0x00000000fdc00000|  0%| F|  |TAMS 0x00000000fdb00000, 0x00000000fdb00000| Untracked 
|  28|0x00000000fdc00000, 0x00000000fdc00000, 0x00000000fdd00000|  0%| F|  |TAMS 0x00000000fdc00000, 0x00000000fdc00000| Untracked 
|  29|0x00000000fdd00000, 0x00000000fdd00000, 0x00000000fde00000|  0%| F|  |TAMS 0x00000000fdd00000, 0x00000000fdd00000| Untracked 
|  30|0x00000000fde00000, 0x00000000fde00000, 0x00000000fdf00000|  0%| F|  |TAMS 0x00000000fde00000, 0x00000000fde00000| Untracked 
|  31|0x00000000fdf00000, 0x00000000fdf00000, 0x00000000fe000000|  0%| F|  |TAMS 0x00000000fdf00000, 0x00000000fdf00000| Untracked 
|  32|0x00000000fe000000, 0x00000000fe000000, 0x00000000fe100000|  0%| F|  |TAMS 0x00000000fe000000, 0x00000000fe000000| Untracked 
|  33|0x00000000fe100000, 0x00000000fe100000, 0x00000000fe200000|  0%| F|  |TAMS 0x00000000fe100000, 0x00000000fe100000| Untracked 
|  34|0x00000000fe200000, 0x00000000fe200000, 0x00000000fe300000|  0%| F|  |TAMS 0x00000000fe200000, 0x00000000fe200000| Untracked 
|  35|0x00000000fe300000, 0x00000000fe300000, 0x00000000fe400000|  0%| F|  |TAMS 0x00000000fe300000, 0x00000000fe300000| Untracked 
|  36|0x00000000fe400000, 0x00000000fe400000, 0x00000000fe500000|  0%| F|  |TAMS 0x00000000fe400000, 0x00000000fe400000| Untracked 
|  37|0x00000000fe500000, 0x00000000fe500000, 0x00000000fe600000|  0%| F|  |TAMS 0x00000000fe500000, 0x00000000fe500000| Untracked 
|  38|0x00000000fe600000, 0x00000000fe600000, 0x00000000fe700000|  0%| F|  |TAMS 0x00000000fe600000, 0x00000000fe600000| Untracked 
|  39|0x00000000fe700000, 0x00000000fe726948, 0x00000000fe800000| 15%| E|  |TAMS 0x00000000fe700000, 0x00000000fe700000| Complete 
|  40|0x00000000fe800000, 0x00000000fe8f26c0, 0x00000000fe900000| 94%| E|  |TAMS 0x00000000fe800000, 0x00000000fe800000| Complete 
|  41|0x00000000fe900000, 0x00000000fea00000, 0x00000000fea00000|100%| E|CS|TAMS 0x00000000fe900000, 0x00000000fe900000| Complete 
|  42|0x00000000fea00000, 0x00000000feb00000, 0x00000000feb00000|100%| E|CS|TAMS 0x00000000fea00000, 0x00000000fea00000| Complete 
|  43|0x00000000feb00000, 0x00000000fec00000, 0x00000000fec00000|100%| E|CS|TAMS 0x00000000feb00000, 0x00000000feb00000| Complete 
|  44|0x00000000fec00000, 0x00000000fed00000, 0x00000000fed00000|100%| E|CS|TAMS 0x00000000fec00000, 0x00000000fec00000| Complete 
|  45|0x00000000fed00000, 0x00000000fee00000, 0x00000000fee00000|100%| E|CS|TAMS 0x00000000fed00000, 0x00000000fed00000| Complete 
|  46|0x00000000fee00000, 0x00000000fef00000, 0x00000000fef00000|100%| E|CS|TAMS 0x00000000fee00000, 0x00000000fee00000| Complete 
|  47|0x00000000fef00000, 0x00000000ff000000, 0x00000000ff000000|100%| E|CS|TAMS 0x00000000fef00000, 0x00000000fef00000| Complete 
|  48|0x00000000ff000000, 0x00000000ff100000, 0x00000000ff100000|100%| E|CS|TAMS 0x00000000ff000000, 0x00000000ff000000| Complete 
|  49|0x00000000ff100000, 0x00000000ff200000, 0x00000000ff200000|100%| E|CS|TAMS 0x00000000ff100000, 0x00000000ff100000| Complete 
|  50|0x00000000ff200000, 0x00000000ff300000, 0x00000000ff300000|100%| E|CS|TAMS 0x00000000ff200000, 0x00000000ff200000| Complete 
|  51|0x00000000ff300000, 0x00000000ff400000, 0x00000000ff400000|100%| E|CS|TAMS 0x00000000ff300000, 0x00000000ff300000| Complete 
|  52|0x00000000ff400000, 0x00000000ff456338, 0x00000000ff500000| 33%| S|CS|TAMS 0x00000000ff400000, 0x00000000ff400000| Complete 
|  53|0x00000000ff500000, 0x00000000ff600000, 0x00000000ff600000|100%| S|CS|TAMS 0x00000000ff500000, 0x00000000ff500000| Complete 
|  54|0x00000000ff600000, 0x00000000ff700000, 0x00000000ff700000|100%| E|CS|TAMS 0x00000000ff600000, 0x00000000ff600000| Complete 
|  55|0x00000000ff700000, 0x00000000ff800000, 0x00000000ff800000|100%| E|CS|TAMS 0x00000000ff700000, 0x00000000ff700000| Complete 
|  56|0x00000000ff800000, 0x00000000ff900000, 0x00000000ff900000|100%| E|CS|TAMS 0x00000000ff800000, 0x00000000ff800000| Complete 
|  57|0x00000000ff900000, 0x00000000ffa00000, 0x00000000ffa00000|100%| E|CS|TAMS 0x00000000ff900000, 0x00000000ff900000| Complete 
|  58|0x00000000ffa00000, 0x00000000ffb00000, 0x00000000ffb00000|100%| E|CS|TAMS 0x00000000ffa00000, 0x00000000ffa00000| Complete 
|  59|0x00000000ffb00000, 0x00000000ffc00000, 0x00000000ffc00000|100%| E|CS|TAMS 0x00000000ffb00000, 0x00000000ffb00000| Complete 
|  60|0x00000000ffc00000, 0x00000000ffd00000, 0x00000000ffd00000|100%| E|CS|TAMS 0x00000000ffc00000, 0x00000000ffc00000| Complete 
|  61|0x00000000ffd00000, 0x00000000ffe00000, 0x00000000ffe00000|100%| E|CS|TAMS 0x00000000ffd00000, 0x00000000ffd00000| Complete 
|  62|0x00000000ffe00000, 0x00000000fff00000, 0x00000000fff00000|100%| E|CS|TAMS 0x00000000ffe00000, 0x00000000ffe00000| Complete 
|  63|0x00000000fff00000, 0x0000000100000000, 0x0000000100000000|100%| E|CS|TAMS 0x00000000fff00000, 0x00000000fff00000| Complete 

Card table byte_map: [0x000001ec93be0000,0x000001ec93c00000] _byte_map_base: 0x000001ec93400000

Marking Bits (Prev, Next): (CMBitMap*) 0x000001ec94002540, (CMBitMap*) 0x000001ec94002580
 Prev Bits: [0x000001ec93c20000, 0x000001ec93d20000)
 Next Bits: [0x000001ec93d20000, 0x000001ec93e20000)

Polling page: 0x000001ec91e10000

Metaspace:

Usage:
  Non-class:      7.58 MB used.
      Class:    879.48 KB used.
       Both:      8.44 MB used.

Virtual space:
  Non-class space:       64.00 MB reserved,       7.69 MB ( 12%) committed,  1 nodes.
      Class space:        1.00 GB reserved,     960.00 KB ( <1%) committed,  1 nodes.
             Both:        1.06 GB reserved,       8.62 MB ( <1%) committed. 

Chunk freelists:
   Non-Class:  162.00 KB
       Class:  3.09 MB
        Both:  3.24 MB

MaxMetaspaceSize: unlimited
CompressedClassSpaceSize: 1.00 GB
Initial GC threshold: 21.00 MB
Current GC threshold: 21.00 MB
CDS: on
MetaspaceReclaimPolicy: balanced
 - commit_granule_bytes: 65536.
 - commit_granule_words: 8192.
 - virtual_space_node_default_size: 8388608.
 - enlarge_chunks_in_place: 1.
 - new_chunks_are_fully_committed: 0.
 - uncommit_free_chunks: 1.
 - use_allocation_guard: 0.


Internal statistics:

num_allocs_failed_limit: 0.
num_arena_births: 42.
num_arena_deaths: 0.
num_vsnodes_births: 2.
num_vsnodes_deaths: 0.
num_space_committed: 138.
num_space_uncommitted: 0.
num_chunks_returned_to_freelist: 0.
num_chunks_taken_from_freelist: 95.
num_chunk_merges: 0.
num_chunk_splits: 47.
num_chunks_enlarged: 34.
num_inconsistent_stats: 0.

CodeHeap 'non-profiled nmethods': size=120064Kb used=605Kb max_used=605Kb free=119458Kb
 bounds [0x000001eca3a00000, 0x000001eca3c70000, 0x000001ecaaf40000]
CodeHeap 'profiled nmethods': size=120000Kb used=2593Kb max_used=2593Kb free=117407Kb
 bounds [0x000001ec9bf40000, 0x000001ec9c1d0000, 0x000001eca3470000]
CodeHeap 'non-nmethods': size=5696Kb used=1282Kb max_used=1314Kb free=4413Kb
 bounds [0x000001eca3470000, 0x000001eca36e0000, 0x000001eca3a00000]
 total_blobs=1941 nmethods=1442 adapters=411
 compilation: enabled
              stopped_count=0, restarted_count=0
 full_count=0

Compilation events (20 events):
Event: 249.805 Thread 0x000001ecad1584d0 nmethod 1431 0x000001ec9c1c3910 code [0x000001ec9c1c3ac0, 0x000001ec9c1c3c78]
Event: 249.805 Thread 0x000001ecad1584d0 1432       3       java.util.zip.ZipUtils::CENEXT (9 bytes)
Event: 249.806 Thread 0x000001ecad1584d0 nmethod 1432 0x000001ec9c1c3d90 code [0x000001ec9c1c3f40, 0x000001ec9c1c40f8]
Event: 249.806 Thread 0x000001ecad1584d0 1433   !   3       java.util.zip.ZipFile$Source::checkAndAddEntry (249 bytes)
Event: 249.806 Thread 0x000001ecad157340 1438 %     4       java.util.zip.ZipCoder$UTF8ZipCoder::checkedHash @ 14 (91 bytes)
Event: 249.807 Thread 0x000001ecad1584d0 nmethod 1433 0x000001ec9c1c4210 code [0x000001ec9c1c45a0, 0x000001ec9c1c5c08]
Event: 249.807 Thread 0x000001ecad1584d0 1435       3       java.util.zip.ZipUtils::CENFLG (9 bytes)
Event: 249.808 Thread 0x000001ecad1584d0 nmethod 1435 0x000001ec9c1c6a10 code [0x000001ec9c1c6bc0, 0x000001ec9c1c6d78]
Event: 249.808 Thread 0x000001ecad1584d0 1434       3       java.util.zip.ZipUtils::CENSIG (8 bytes)
Event: 249.808 Thread 0x000001ecad1584d0 nmethod 1434 0x000001ec9c1c6e90 code [0x000001ec9c1c7040, 0x000001ec9c1c7318]
Event: 249.808 Thread 0x000001ecad1584d0 1436       3       java.util.zip.ZipFile$Source::isMetaName (141 bytes)
Event: 249.808 Thread 0x000001ecad1584d0 nmethod 1436 0x000001ec9c1c7490 code [0x000001ec9c1c7660, 0x000001ec9c1c7b78]
Event: 249.808 Thread 0x000001ecad1584d0 1437       3       java.util.zip.ZipFile$Source::nextEntryPos (22 bytes)
Event: 249.808 Thread 0x000001ecad1584d0 nmethod 1437 0x000001ec9c1c7d10 code [0x000001ec9c1c7ee0, 0x000001ec9c1c8218]
Event: 249.812 Thread 0x000001ecad157340 nmethod 1438% 0x000001eca3a94f90 code [0x000001eca3a95120, 0x000001eca3a95498]
Event: 249.812 Thread 0x000001ecad157340 1440       4       java.util.zip.ZipCoder$UTF8ZipCoder::checkedHash (91 bytes)
Event: 249.817 Thread 0x000001ecad157340 nmethod 1440 0x000001eca3a95610 code [0x000001eca3a957a0, 0x000001eca3a95ab8]
Event: 249.817 Thread 0x000001ecad157340 1439       4       java.util.zip.ZipFile$Source::zipCoderForPos (39 bytes)
Event: 249.818 Thread 0x000001ecad157340 nmethod 1439 0x000001eca3a95c10 code [0x000001eca3a95da0, 0x000001eca3a95e58]
Event: 249.818 Thread 0x000001ecad157340 1442   !   4       java.util.zip.ZipFile$Source::checkAndAddEntry (249 bytes)

GC Heap History (6 events):
Event: 1.034 GC heap before
{Heap before GC invocations=0 (full 0):
 garbage-first heap   total 65536K, used 5120K [0x00000000fc000000, 0x0000000100000000)
  region size 1024K, 6 young (6144K), 0 survivors (0K)
 Metaspace       used 3753K, committed 3904K, reserved 1114112K
  class space    used 363K, committed 448K, reserved 1048576K
}
Event: 1.055 GC heap after
{Heap after GC invocations=1 (full 0):
 garbage-first heap   total 65536K, used 2754K [0x00000000fc000000, 0x0000000100000000)
  region size 1024K, 1 young (1024K), 1 survivors (1024K)
 Metaspace       used 3753K, committed 3904K, reserved 1114112K
  class space    used 363K, committed 448K, reserved 1048576K
}
Event: 2.157 GC heap before
{Heap before GC invocations=1 (full 0):
 garbage-first heap   total 65536K, used 6850K [0x00000000fc000000, 0x0000000100000000)
  region size 1024K, 5 young (5120K), 1 survivors (1024K)
 Metaspace       used 7074K, committed 7232K, reserved 1114112K
  class space    used 735K, committed 832K, reserved 1048576K
}
Event: 2.162 GC heap after
{Heap after GC invocations=2 (full 0):
 garbage-first heap   total 65536K, used 3174K [0x00000000fc000000, 0x0000000100000000)
  region size 1024K, 1 young (1024K), 1 survivors (1024K)
 Metaspace       used 7074K, committed 7232K, reserved 1114112K
  class space    used 735K, committed 832K, reserved 1048576K
}
Event: 109.376 GC heap before
{Heap before GC invocations=2 (full 0):
 garbage-first heap   total 65536K, used 11366K [0x00000000fc000000, 0x0000000100000000)
  region size 1024K, 10 young (10240K), 1 survivors (1024K)
 Metaspace       used 8589K, committed 8768K, reserved 1114112K
  class space    used 873K, committed 960K, reserved 1048576K
}
Event: 109.380 GC heap after
{Heap after GC invocations=3 (full 0):
 garbage-first heap   total 65536K, used 3554K [0x00000000fc000000, 0x0000000100000000)
  region size 1024K, 2 young (2048K), 2 survivors (2048K)
 Metaspace       used 8589K, committed 8768K, reserved 1114112K
  class space    used 873K, committed 960K, reserved 1048576K
}

Dll operation events (8 events):
Event: 0.041 Loaded shared library C:\Program Files\Java\jdk-19\bin\java.dll
Event: 0.148 Loaded shared library C:\Program Files\Java\jdk-19\bin\jsvml.dll
Event: 0.318 Loaded shared library C:\Program Files\Java\jdk-19\bin\net.dll
Event: 0.322 Loaded shared library C:\Program Files\Java\jdk-19\bin\nio.dll
Event: 0.354 Loaded shared library C:\Program Files\Java\jdk-19\bin\zip.dll
Event: 0.584 Loaded shared library C:\Program Files\Java\jdk-19\bin\jimage.dll
Event: 0.620 Loaded shared library C:\Program Files\Java\jdk-19\bin\sunmscapi.dll
Event: 1.787 Loaded shared library C:\Program Files\Java\jdk-19\bin\extnet.dll

Deoptimization events (20 events):
Event: 249.782 Thread 0x000001ec93fdeb40 DEOPT PACKING pc=0x000001eca3a83e40 sp=0x00000054bb8fed50
Event: 249.782 Thread 0x000001ec93fdeb40 DEOPT UNPACKING pc=0x000001eca34d6d9d sp=0x00000054bb8febb8 mode 2
Event: 249.817 Thread 0x000001ec93fdeb40 DEOPT PACKING pc=0x000001ec9c1c2a0c sp=0x00000054bb8fe8a0
Event: 249.817 Thread 0x000001ec93fdeb40 DEOPT UNPACKING pc=0x000001eca34d7524 sp=0x00000054bb8fdd30 mode 0
Event: 249.817 Thread 0x000001ec93fdeb40 DEOPT PACKING pc=0x000001ec9c1c2a0c sp=0x00000054bb8fe8a0
Event: 249.817 Thread 0x000001ec93fdeb40 DEOPT UNPACKING pc=0x000001eca34d7524 sp=0x00000054bb8fdd30 mode 0
Event: 249.817 Thread 0x000001ec93fdeb40 DEOPT PACKING pc=0x000001ec9c1c2a0c sp=0x00000054bb8fe8a0
Event: 249.817 Thread 0x000001ec93fdeb40 DEOPT UNPACKING pc=0x000001eca34d7524 sp=0x00000054bb8fdd30 mode 0
Event: 249.817 Thread 0x000001ec93fdeb40 DEOPT PACKING pc=0x000001ec9c1c2a0c sp=0x00000054bb8fe8a0
Event: 249.817 Thread 0x000001ec93fdeb40 DEOPT UNPACKING pc=0x000001eca34d7524 sp=0x00000054bb8fdd30 mode 0
Event: 249.817 Thread 0x000001ec93fdeb40 DEOPT PACKING pc=0x000001ec9c1c2a0c sp=0x00000054bb8fe8a0
Event: 249.817 Thread 0x000001ec93fdeb40 DEOPT UNPACKING pc=0x000001eca34d7524 sp=0x00000054bb8fdd30 mode 0
Event: 249.817 Thread 0x000001ec93fdeb40 DEOPT PACKING pc=0x000001ec9c1c2a0c sp=0x00000054bb8fe8a0
Event: 249.817 Thread 0x000001ec93fdeb40 DEOPT UNPACKING pc=0x000001eca34d7524 sp=0x00000054bb8fdd30 mode 0
Event: 249.817 Thread 0x000001ec93fdeb40 DEOPT PACKING pc=0x000001ec9c1c2a0c sp=0x00000054bb8fe8a0
Event: 249.817 Thread 0x000001ec93fdeb40 DEOPT UNPACKING pc=0x000001eca34d7524 sp=0x00000054bb8fdd30 mode 0
Event: 249.817 Thread 0x000001ec93fdeb40 DEOPT PACKING pc=0x000001ec9c1c2a0c sp=0x00000054bb8fe8a0
Event: 249.817 Thread 0x000001ec93fdeb40 DEOPT UNPACKING pc=0x000001eca34d7524 sp=0x00000054bb8fdd30 mode 0
Event: 249.817 Thread 0x000001ec93fdeb40 DEOPT PACKING pc=0x000001ec9c1c2a0c sp=0x00000054bb8fe8a0
Event: 249.817 Thread 0x000001ec93fdeb40 DEOPT UNPACKING pc=0x000001eca34d7524 sp=0x00000054bb8fdd30 mode 0

Classes loaded (20 events):
Event: 4.773 Loading class sun/net/www/http/KeepAliveStreamCleaner$1
Event: 4.773 Loading class sun/net/www/http/KeepAliveStreamCleaner$1 done
Event: 4.773 Loading class sun/net/www/http/KeepAliveStreamCleaner$2
Event: 4.773 Loading class sun/net/www/http/KeepAliveStreamCleaner$2 done
Event: 4.773 Loading class sun/net/www/protocol/http/HttpURLConnection$HttpInputStream
Event: 4.773 Loading class sun/net/www/protocol/http/HttpURLConnection$HttpInputStream done
Event: 121.513 Loading class java/lang/foreign/MemorySegment
Event: 121.514 Loading class java/lang/foreign/Addressable
Event: 121.514 Loading class java/lang/foreign/Addressable done
Event: 121.514 Loading class java/lang/foreign/MemorySegment done
Event: 249.783 Loading class sun/net/www/http/KeepAliveCache$1
Event: 249.785 Loading class sun/net/www/http/KeepAliveCache$1 done
Event: 249.787 Loading class sun/net/www/http/ClientVector
Event: 249.787 Loading class jdk/internal/event/ThreadSleepEvent
Event: 249.788 Loading class jdk/internal/event/ThreadSleepEvent done
Event: 249.788 Loading class sun/net/www/http/ClientVector done
Event: 249.788 Loading class sun/net/www/http/KeepAliveEntry
Event: 249.789 Loading class sun/net/www/http/KeepAliveEntry done
Event: 249.790 Loading class java/io/FileOutputStream$1
Event: 249.791 Loading class java/io/FileOutputStream$1 done

Classes unloaded (0 events):
No events

Classes redefined (0 events):
No events

Internal exceptions (7 events):
Event: 0.753 Thread 0x000001ec93fdeb40 Exception <a 'sun/nio/fs/WindowsException'{0x00000000ffdeb158}> (0x00000000ffdeb158) 
thrown [s\open\src\hotspot\share\prims\jni.cpp, line 517]
Event: 0.795 Thread 0x000001ec93fdeb40 Exception <a 'java/lang/NoSuchMethodError'{0x00000000ffc0f598}: 'java.lang.Object java.lang.invoke.DirectMethodHandle$Holder.invokeStaticInit(java.lang.Object)'> (0x00000000ffc0f598) 
thrown [s\open\src\hotspot\share\interpreter\linkResolver.cpp, line 774]
Event: 1.137 Thread 0x000001ec93fdeb40 Exception <a 'java/lang/NoSuchMethodError'{0x00000000ffd454a8}: 'java.lang.Object java.lang.invoke.DirectMethodHandle$Holder.invokeStaticInit(java.lang.Object, int, int, int, int)'> (0x00000000ffd454a8) 
thrown [s\open\src\hotspot\share\interpreter\linkResolver.cpp, line 774]
Event: 1.235 Thread 0x000001ec93fdeb40 Exception <a 'java/lang/NoSuchMethodError'{0x00000000ffd957c8}: 'java.lang.Object java.lang.invoke.DirectMethodHandle$Holder.invokeStaticInit(java.lang.Object, java.lang.Object, int, int, int, int)'> (0x00000000ffd957c8) 
thrown [s\open\src\hotspot\share\interpreter\linkResolver.cpp, line 774]
Event: 1.791 Thread 0x000001ec93fdeb40 Exception <a 'java/lang/NoSuchMethodError'{0x00000000ffc0d4c0}: 'void java.lang.invoke.DirectMethodHandle$Holder.invokeStatic(java.lang.Object, java.lang.Object)'> (0x00000000ffc0d4c0) 
thrown [s\open\src\hotspot\share\interpreter\linkResolver.cpp, line 774]
Event: 2.350 Thread 0x000001ec93fdeb40 Exception <a 'java/lang/NoSuchMethodError'{0x00000000ffc27578}: 'java.lang.Object java.lang.invoke.DirectMethodHandle$Holder.invokeInterface(java.lang.Object, java.lang.Object)'> (0x00000000ffc27578) 
thrown [s\open\src\hotspot\share\interpreter\linkResolver.cpp, line 774]
Event: 2.407 Thread 0x000001ec93fdeb40 Exception <a 'java/lang/NoSuchMethodError'{0x00000000ffc518c0}: 'void java.lang.invoke.DirectMethodHandle$Holder.invokeVirtual(java.lang.Object, java.lang.Object)'> (0x00000000ffc518c0) 
thrown [s\open\src\hotspot\share\interpreter\linkResolver.cpp, line 774]

VM Operations (20 events):
Event: 45.071 Executing VM operation: Cleanup
Event: 45.071 Executing VM operation: Cleanup done
Event: 47.093 Executing VM operation: Cleanup
Event: 47.093 Executing VM operation: Cleanup done
Event: 99.364 Executing VM operation: Cleanup
Event: 99.364 Executing VM operation: Cleanup done
Event: 109.376 Executing VM operation: G1CollectForAllocation
Event: 109.380 Executing VM operation: G1CollectForAllocation done
Event: 122.468 Executing VM operation: Cleanup
Event: 122.469 Executing VM operation: Cleanup done
Event: 124.479 Executing VM operation: Cleanup
Event: 124.479 Executing VM operation: Cleanup done
Event: 126.485 Executing VM operation: Cleanup
Event: 126.485 Executing VM operation: Cleanup done
Event: 134.563 Executing VM operation: Cleanup
Event: 134.563 Executing VM operation: Cleanup done
Event: 165.857 Executing VM operation: Cleanup
Event: 165.857 Executing VM operation: Cleanup done
Event: 167.878 Executing VM operation: Cleanup
Event: 167.878 Executing VM operation: Cleanup done

Events (17 events):
Event: 0.148 Thread 0x000001ec93fdeb40 Thread added: 0x000001ec93fdeb40
Event: 0.220 Thread 0x000001ecad144370 Thread added: 0x000001ecad144370
Event: 0.220 Thread 0x000001ecad145300 Thread added: 0x000001ecad145300
Event: 0.223 Thread 0x000001ecad152b30 Thread added: 0x000001ecad152b30
Event: 0.223 Thread 0x000001ecad154470 Thread added: 0x000001ecad154470
Event: 0.223 Thread 0x000001ecad155db0 Thread added: 0x000001ecad155db0
Event: 0.223 Thread 0x000001ecad1566e0 Thread added: 0x000001ecad1566e0
Event: 0.223 Thread 0x000001ecad157340 Thread added: 0x000001ecad157340
Event: 0.224 Thread 0x000001ecad1584d0 Thread added: 0x000001ecad1584d0
Event: 0.225 Thread 0x000001ecad16a7f0 Thread added: 0x000001ecad16a7f0
Event: 0.289 Thread 0x000001ecb1439990 Thread added: 0x000001ecb1439990
Event: 0.303 Thread 0x000001ecb14485e0 Thread added: 0x000001ecb14485e0
Event: 2.611 Thread 0x000001ecb17cc540 Thread added: 0x000001ecb17cc540
Event: 2.697 Thread 0x000001ecb17cc540 Thread exited: 0x000001ecb17cc540
Event: 4.014 Thread 0x000001ecb1bfb5e0 Thread added: 0x000001ecb1bfb5e0
Event: 4.021 Thread 0x000001ecb1bfb5e0 Thread exited: 0x000001ecb1bfb5e0
Event: 249.786 Thread 0x000001ecb17ce320 Thread added: 0x000001ecb17ce320


Dynamic libraries:
0x00007ff648460000 - 0x00007ff648470000 	C:\Program Files\Java\jdk-19\bin\java.exe
0x00007ffa0a2f0000 - 0x00007ffa0a4e8000 	C:\Windows\SYSTEM32\ntdll.dll
0x00007ffa08360000 - 0x00007ffa0841d000 	C:\Windows\System32\KERNEL32.DLL
0x00007ffa07ef0000 - 0x00007ffa081be000 	C:\Windows\System32\KERNELBASE.dll
0x00007ffa07a10000 - 0x00007ffa07b10000 	C:\Windows\System32\ucrtbase.dll
0x00007ff9f4020000 - 0x00007ff9f4038000 	C:\Program Files\Java\jdk-19\bin\jli.dll
0x00007ffa0a200000 - 0x00007ffa0a2ae000 	C:\Windows\System32\ADVAPI32.dll
0x00007ffa08d10000 - 0x00007ffa08dae000 	C:\Windows\System32\msvcrt.dll
0x00007ffa09ce0000 - 0x00007ffa09d7c000 	C:\Windows\System32\sechost.dll
0x00007ffa09010000 - 0x00007ffa09135000 	C:\Windows\System32\RPCRT4.dll
0x00007ffa08560000 - 0x00007ffa08700000 	C:\Windows\System32\USER32.dll
0x00007ffa08320000 - 0x00007ffa08342000 	C:\Windows\System32\win32u.dll
0x00007ffa08710000 - 0x00007ffa0873a000 	C:\Windows\System32\GDI32.dll
0x00007ffa07db0000 - 0x00007ffa07ebb000 	C:\Windows\System32\gdi32full.dll
0x00007ffa07ba0000 - 0x00007ffa07c3d000 	C:\Windows\System32\msvcp_win.dll
0x00007ff9f3d70000 - 0x00007ff9f3d8b000 	C:\Program Files\Java\jdk-19\bin\VCRUNTIME140.dll
0x00007ff9f05b0000 - 0x00007ff9f084a000 	C:\Windows\WinSxS\amd64_microsoft.windows.common-controls_6595b64144ccf1df_6.0.19041.1110_none_60b5254171f9507e\COMCTL32.dll
0x00007ff9fade0000 - 0x00007ff9fadea000 	C:\Windows\SYSTEM32\VERSION.dll
0x00007ffa09cb0000 - 0x00007ffa09ce0000 	C:\Windows\System32\IMM32.DLL
0x00007ff9ff7e0000 - 0x00007ff9ff7ec000 	C:\Program Files\Java\jdk-19\bin\vcruntime140_1.dll
0x00007ff9cb3b0000 - 0x00007ff9cb43e000 	C:\Program Files\Java\jdk-19\bin\msvcp140.dll
0x00007ff99aa70000 - 0x00007ff99b730000 	C:\Program Files\Java\jdk-19\bin\server\jvm.dll
0x00007ff9ff6c0000 - 0x00007ff9ff6c9000 	C:\Windows\SYSTEM32\WSOCK32.dll
0x00007ffa09a40000 - 0x00007ffa09aab000 	C:\Windows\System32\WS2_32.dll
0x00007ff9f6930000 - 0x00007ff9f6957000 	C:\Windows\SYSTEM32\WINMM.dll
0x00007ffa05920000 - 0x00007ffa05932000 	C:\Windows\SYSTEM32\kernel.appcore.dll
0x00007ff9ff5c0000 - 0x00007ff9ff5ca000 	C:\Program Files\Java\jdk-19\bin\jimage.dll
0x00007ff9f9b20000 - 0x00007ff9f9d04000 	C:\Windows\SYSTEM32\DBGHELP.DLL
0x00007ff9f9af0000 - 0x00007ff9f9b1c000 	C:\Windows\SYSTEM32\dbgcore.DLL
0x00007ffa07b10000 - 0x00007ffa07b92000 	C:\Windows\System32\bcryptPrimitives.dll
0x00007ff9e90e0000 - 0x00007ff9e9106000 	C:\Program Files\Java\jdk-19\bin\java.dll
0x00007ff9bfd20000 - 0x00007ff9bfdf7000 	C:\Program Files\Java\jdk-19\bin\jsvml.dll
0x00007ffa09140000 - 0x00007ffa09883000 	C:\Windows\System32\SHELL32.dll
0x00007ffa05b20000 - 0x00007ffa062b5000 	C:\Windows\SYSTEM32\windows.storage.dll
0x00007ffa089b0000 - 0x00007ffa08d04000 	C:\Windows\System32\combase.dll
0x00007ffa07400000 - 0x00007ffa07430000 	C:\Windows\SYSTEM32\Wldp.dll
0x00007ffa08f60000 - 0x00007ffa0900d000 	C:\Windows\System32\SHCORE.dll
0x00007ffa09ab0000 - 0x00007ffa09b05000 	C:\Windows\System32\shlwapi.dll
0x00007ffa07950000 - 0x00007ffa0796f000 	C:\Windows\SYSTEM32\profapi.dll
0x00007ff9f1d30000 - 0x00007ff9f1d43000 	C:\Program Files\Java\jdk-19\bin\net.dll
0x00007ff9fd200000 - 0x00007ff9fd30a000 	C:\Windows\SYSTEM32\WINHTTP.dll
0x00007ffa07100000 - 0x00007ffa0716a000 	C:\Windows\system32\mswsock.dll
0x00007ff9f1360000 - 0x00007ff9f1376000 	C:\Program Files\Java\jdk-19\bin\nio.dll
0x00007ff9f1290000 - 0x00007ff9f12a8000 	C:\Program Files\Java\jdk-19\bin\zip.dll
0x00007ff9fd490000 - 0x00007ff9fd49e000 	C:\Program Files\Java\jdk-19\bin\sunmscapi.dll
0x00007ffa081c0000 - 0x00007ffa08316000 	C:\Windows\System32\CRYPT32.dll
0x00007ffa07470000 - 0x00007ffa07497000 	C:\Windows\SYSTEM32\ncrypt.dll
0x00007ffa07430000 - 0x00007ffa0746b000 	C:\Windows\SYSTEM32\NTASN1.dll
0x00007ffa072f0000 - 0x00007ffa07308000 	C:\Windows\SYSTEM32\CRYPTSP.dll
0x00007ffa06a80000 - 0x00007ffa06ab4000 	C:\Windows\system32\rsaenh.dll
0x00007ffa07ec0000 - 0x00007ffa07ee7000 	C:\Windows\System32\bcrypt.dll
0x00007ffa07910000 - 0x00007ffa0793e000 	C:\Windows\SYSTEM32\USERENV.dll
0x00007ffa07310000 - 0x00007ffa0731c000 	C:\Windows\SYSTEM32\CRYPTBASE.dll
0x00007ffa06df0000 - 0x00007ffa06e2b000 	C:\Windows\SYSTEM32\IPHLPAPI.DLL
0x00007ffa0a1f0000 - 0x00007ffa0a1f8000 	C:\Windows\System32\NSI.dll
0x00007ffa00b00000 - 0x00007ffa00b17000 	C:\Windows\SYSTEM32\dhcpcsvc6.DLL
0x00007ffa009b0000 - 0x00007ffa009cd000 	C:\Windows\SYSTEM32\dhcpcsvc.DLL
0x00007ffa06e30000 - 0x00007ffa06efa000 	C:\Windows\SYSTEM32\DNSAPI.dll
0x00007ff9fce40000 - 0x00007ff9fce4a000 	C:\Windows\System32\rasadhlp.dll
0x00007ff9fce50000 - 0x00007ff9fced0000 	C:\Windows\System32\fwpuclnt.dll
0x00007ff9fac90000 - 0x00007ff9fac98000 	C:\Program Files\Java\jdk-19\bin\extnet.dll

dbghelp: loaded successfully - version: 4.0.5 - missing functions: none
symbol engine: initialized successfully - sym options: 0x614 - pdb path: .;C:\Program Files\Java\jdk-19\bin;C:\Windows\SYSTEM32;C:\Windows\WinSxS\amd64_microsoft.windows.common-controls_6595b64144ccf1df_6.0.19041.1110_none_60b5254171f9507e;C:\Program Files\Java\jdk-19\bin\server

VM Arguments:
jvm_args: -Xmx64m -Xms64m -Dorg.gradle.appname=gradlew 
java_command: org.gradle.wrapper.GradleWrapperMain app:installDebug -PreactNativeDevServerPort=8081
java_class_path (initial): F:\documents\react-native\AwesomeProject\android\\gradle\wrapper\gradle-wrapper.jar
Launcher Type: SUN_STANDARD

[Global flags]
     intx CICompilerCount                          = 2                                         {product} {ergonomic}
     uint ConcGCThreads                            = 1                                         {product} {ergonomic}
     uint G1ConcRefinementThreads                  = 2                                         {product} {ergonomic}
   size_t G1HeapRegionSize                         = 1048576                                   {product} {ergonomic}
    uintx GCDrainStackTargetSize                   = 64                                        {product} {ergonomic}
   size_t InitialHeapSize                          = 67108864                                  {product} {command line}
   size_t MarkStackSize                            = 4194304                                   {product} {ergonomic}
   size_t MaxHeapSize                              = 67108864                                  {product} {command line}
   size_t MaxNewSize                               = 39845888                                  {product} {ergonomic}
   size_t MinHeapDeltaBytes                        = 1048576                                   {product} {ergonomic}
   size_t MinHeapSize                              = 67108864                                  {product} {command line}
    uintx NonNMethodCodeHeapSize                   = 5826188                                {pd product} {ergonomic}
    uintx NonProfiledCodeHeapSize                  = 122916026                              {pd product} {ergonomic}
    uintx ProfiledCodeHeapSize                     = 122916026                              {pd product} {ergonomic}
    uintx ReservedCodeCacheSize                    = 251658240                              {pd product} {ergonomic}
     bool SegmentedCodeCache                       = true                                      {product} {ergonomic}
   size_t SoftMaxHeapSize                          = 67108864                               {manageable} {ergonomic}
     bool UseCompressedClassPointers               = true                           {product lp64_product} {ergonomic}
     bool UseCompressedOops                        = true                           {product lp64_product} {ergonomic}
     bool UseG1GC                                  = true                                      {product} {ergonomic}
     bool UseLargePagesIndividualAllocation        = false                                  {pd product} {ergonomic}

Logging:
Log output configuration:
 #0: stdout all=warning uptime,level,tags foldmultilines=false
 #1: stderr all=off uptime,level,tags foldmultilines=false

Environment Variables:
JAVA_HOME=C:\Program Files\Java\jdk-19
CLASSPATH=F:\documents\react-native\AwesomeProject\android\\gradle\wrapper\gradle-wrapper.jar
PATH=F:\documents\react-native\AwesomeProject\android\node_modules\.bin;F:\documents\react-native\AwesomeProject\node_modules\.bin;F:\documents\react-native\node_modules\.bin;F:\documents\node_modules\.bin;F:\node_modules\.bin;C:\Program Files\nodejs;F:\documents\react-native\AwesomeProject\node_modules\.bin;F:\documents\react-native\AwesomeProject\node_modules\.bin;F:\documents\react-native\node_modules\.bin;F:\documents\node_modules\.bin;F:\node_modules\.bin;C:\Program Files\nodejs\node_modules\npm\node_modules\@npmcli\run-script\lib\node-gyp-bin;C:\Program Files\Common Files\Oracle\Java\javapath;C:\Python310\Scripts\;C:\Python310\;C:\Windows\system32;C:\Windows;C:\Windows\System32\Wbem;C:\Windows\System32\WindowsPowerShell\v1.0\;C:\Windows\System32\OpenSSH\;C:\Program Files\Git\cmd;C:\Program Files\nodejs\;C:\ProgramData\chocolatey\bin;C:\Program Files\dotnet\;C:\Program Files\Microsoft SQL Server\Client SDK\ODBC\170\Tools\Binn\;C:\Program Files\Microsoft SQL Server\130\Tools\Binn\;C:\Users\vishw\AppData\Local\Microsoft\WindowsApps;C:\Users\vishw\AppData\Local\Programs\Microsoft VS Code\bin;C:\Program Files\heroku\bin;C:\Users\vishw\AppData\Roaming\npm;C:\Users\vishw\.dotnet\tools;C:\Program Files\Azure Data Studio\bin;C:\Users\vishw\AppData\Local\Android\Sdk\platform-tools;C:\Program Files\Java\jdk-19;
USERNAME=vishw
OS=Windows_NT
PROCESSOR_IDENTIFIER=Intel64 Family 6 Model 23 Stepping 10, GenuineIntel
TMP=C:\Users\vishw\AppData\Local\Temp
TEMP=C:\Users\vishw\AppData\Local\Temp



---------------  S Y S T E M  ---------------

OS:
 Windows 10 , 64 bit Build 19041 (10.0.19041.1889)
OS uptime: 0 days 14:45 hours

CPU: total 2 (initial active 2) (2 cores per cpu, 1 threads per core) family 6 model 23 stepping 10 microcode 0xa0c, cx8, cmov, fxsr, mmx, sse, sse2, sse3, ssse3, sse4.1, tsc, clflush

Memory: 4k page, system-wide physical 3839M (1140M free)
TotalPageFile size 6911M (AvailPageFile size 2330M)
current process WorkingSet (physical memory assigned to process): 65M, peak: 73M
current process commit charge ("private bytes"): 143M, peak: 156M

vm_info: Java HotSpot(TM) 64-Bit Server VM (19+36-2238) for windows-amd64 JRE (19+36-2238), built on 2022-08-12T20:29:01Z by "mach5one" with MS VC++ 17.1 (VS2022)

END.
